[2026-01-28T17:44:48.062+0000] {taskinstance.py:1956} INFO - Dependencies all met for dep_context=non-requeueable deps ti=<TaskInstance: trade_processing_pipeline.process_trade_file manual__2026-01-28T17:38:27.698991+00:00 [queued]>
[2026-01-28T17:44:48.073+0000] {taskinstance.py:1956} INFO - Dependencies all met for dep_context=requeueable deps ti=<TaskInstance: trade_processing_pipeline.process_trade_file manual__2026-01-28T17:38:27.698991+00:00 [queued]>
[2026-01-28T17:44:48.074+0000] {taskinstance.py:2170} INFO - Starting attempt 3 of 4
[2026-01-28T17:44:48.095+0000] {taskinstance.py:2191} INFO - Executing <Task(PythonOperator): process_trade_file> on 2026-01-28 17:38:27.698991+00:00
[2026-01-28T17:44:48.101+0000] {standard_task_runner.py:60} INFO - Started process 118 to run task
[2026-01-28T17:44:48.105+0000] {standard_task_runner.py:87} INFO - Running: ['***', 'tasks', 'run', 'trade_processing_pipeline', 'process_trade_file', 'manual__2026-01-28T17:38:27.698991+00:00', '--job-id', '17', '--raw', '--subdir', 'DAGS_FOLDER/trade_etl_dag.py', '--cfg-path', '/tmp/tmp5dydedd2']
[2026-01-28T17:44:48.107+0000] {standard_task_runner.py:88} INFO - Job 17: Subtask process_trade_file
[2026-01-28T17:44:48.188+0000] {task_command.py:423} INFO - Running <TaskInstance: trade_processing_pipeline.process_trade_file manual__2026-01-28T17:38:27.698991+00:00 [running]> on host e258d08a7e82
[2026-01-28T17:44:48.421+0000] {taskinstance.py:2480} INFO - Exporting env vars: AIRFLOW_CTX_DAG_EMAIL='puneet.jaiswal@gmail.com' AIRFLOW_CTX_DAG_OWNER='puneet' AIRFLOW_CTX_DAG_ID='trade_processing_pipeline' AIRFLOW_CTX_TASK_ID='process_trade_file' AIRFLOW_CTX_EXECUTION_DATE='2026-01-28T17:38:27.698991+00:00' AIRFLOW_CTX_TRY_NUMBER='3' AIRFLOW_CTX_DAG_RUN_ID='manual__2026-01-28T17:38:27.698991+00:00'
[2026-01-28T17:44:48.424+0000] {taskinstance.py:2698} ERROR - Task failed with exception
Traceback (most recent call last):
  File "/home/airflow/.local/lib/python3.10/site-packages/airflow/models/taskinstance.py", line 433, in _execute_task
    result = execute_callable(context=context, **execute_callable_kwargs)
  File "/home/airflow/.local/lib/python3.10/site-packages/airflow/operators/python.py", line 199, in execute
    return_value = self.execute_callable()
  File "/home/airflow/.local/lib/python3.10/site-packages/airflow/operators/python.py", line 216, in execute_callable
    return self.python_callable(*self.op_args, **self.op_kwargs)
TypeError: process_trade_file() missing 1 required positional argument: 'file_path'
[2026-01-28T17:44:48.457+0000] {taskinstance.py:1138} INFO - Marking task as UP_FOR_RETRY. dag_id=trade_processing_pipeline, task_id=process_trade_file, execution_date=20260128T173827, start_date=20260128T174448, end_date=20260128T174448
[2026-01-28T17:44:48.500+0000] {standard_task_runner.py:107} ERROR - Failed to execute job 17 for task process_trade_file (process_trade_file() missing 1 required positional argument: 'file_path'; 118)
[2026-01-28T17:44:48.520+0000] {local_task_job_runner.py:234} INFO - Task exited with return code 1
[2026-01-28T17:44:48.543+0000] {taskinstance.py:3280} INFO - 0 downstream tasks scheduled from follow-on schedule check
