[2026-01-28T18:09:14.302+0000] {taskinstance.py:1956} INFO - Dependencies all met for dep_context=non-requeueable deps ti=<TaskInstance: trade_processing_pipeline.process_staging_file manual__2026-01-28T18:08:55.600614+00:00 [queued]>
[2026-01-28T18:09:14.315+0000] {taskinstance.py:1956} INFO - Dependencies all met for dep_context=requeueable deps ti=<TaskInstance: trade_processing_pipeline.process_staging_file manual__2026-01-28T18:08:55.600614+00:00 [queued]>
[2026-01-28T18:09:14.316+0000] {taskinstance.py:2170} INFO - Starting attempt 2 of 4
[2026-01-28T18:09:14.339+0000] {taskinstance.py:2191} INFO - Executing <Task(PythonOperator): process_staging_file> on 2026-01-28 18:08:55.600614+00:00
[2026-01-28T18:09:14.358+0000] {standard_task_runner.py:60} INFO - Started process 149 to run task
[2026-01-28T18:09:14.365+0000] {standard_task_runner.py:87} INFO - Running: ['***', 'tasks', 'run', 'trade_processing_pipeline', 'process_staging_file', 'manual__2026-01-28T18:08:55.600614+00:00', '--job-id', '23', '--raw', '--subdir', 'DAGS_FOLDER/trade_etl_dag.py', '--cfg-path', '/tmp/tmpll6ks0ak']
[2026-01-28T18:09:14.367+0000] {standard_task_runner.py:88} INFO - Job 23: Subtask process_staging_file
[2026-01-28T18:09:14.503+0000] {task_command.py:423} INFO - Running <TaskInstance: trade_processing_pipeline.process_staging_file manual__2026-01-28T18:08:55.600614+00:00 [running]> on host e258d08a7e82
[2026-01-28T18:09:14.669+0000] {taskinstance.py:2480} INFO - Exporting env vars: AIRFLOW_CTX_DAG_EMAIL='puneet.jaiswal@gmail.com' AIRFLOW_CTX_DAG_OWNER='puneet' AIRFLOW_CTX_DAG_ID='trade_processing_pipeline' AIRFLOW_CTX_TASK_ID='process_staging_file' AIRFLOW_CTX_EXECUTION_DATE='2026-01-28T18:08:55.600614+00:00' AIRFLOW_CTX_TRY_NUMBER='2' AIRFLOW_CTX_DAG_RUN_ID='manual__2026-01-28T18:08:55.600614+00:00'
[2026-01-28T18:09:14.671+0000] {taskinstance.py:2698} ERROR - Task failed with exception
Traceback (most recent call last):
  File "/home/airflow/.local/lib/python3.10/site-packages/airflow/models/taskinstance.py", line 433, in _execute_task
    result = execute_callable(context=context, **execute_callable_kwargs)
  File "/home/airflow/.local/lib/python3.10/site-packages/airflow/operators/python.py", line 199, in execute
    return_value = self.execute_callable()
  File "/home/airflow/.local/lib/python3.10/site-packages/airflow/operators/python.py", line 216, in execute_callable
    return self.python_callable(*self.op_args, **self.op_kwargs)
TypeError: process_staging_file() missing 2 required positional arguments: 'file_path' and 'batch_id'
[2026-01-28T18:09:14.692+0000] {taskinstance.py:1138} INFO - Marking task as UP_FOR_RETRY. dag_id=trade_processing_pipeline, task_id=process_staging_file, execution_date=20260128T180855, start_date=20260128T180914, end_date=20260128T180914
[2026-01-28T18:09:14.731+0000] {standard_task_runner.py:107} ERROR - Failed to execute job 23 for task process_staging_file (process_staging_file() missing 2 required positional arguments: 'file_path' and 'batch_id'; 149)
[2026-01-28T18:09:14.786+0000] {local_task_job_runner.py:234} INFO - Task exited with return code 1
[2026-01-28T18:09:14.814+0000] {taskinstance.py:3280} INFO - 0 downstream tasks scheduled from follow-on schedule check
