[2026-01-28T18:23:02.004+0000] {taskinstance.py:1956} INFO - Dependencies all met for dep_context=non-requeueable deps ti=<TaskInstance: trade_processing_pipeline.process_staging_file manual__2026-01-28T18:08:55.600614+00:00 [queued]>
[2026-01-28T18:23:02.015+0000] {taskinstance.py:1956} INFO - Dependencies all met for dep_context=requeueable deps ti=<TaskInstance: trade_processing_pipeline.process_staging_file manual__2026-01-28T18:08:55.600614+00:00 [queued]>
[2026-01-28T18:23:02.016+0000] {taskinstance.py:2170} INFO - Starting attempt 5 of 8
[2026-01-28T18:23:02.032+0000] {taskinstance.py:2191} INFO - Executing <Task(PythonOperator): process_staging_file> on 2026-01-28 18:08:55.600614+00:00
[2026-01-28T18:23:02.038+0000] {standard_task_runner.py:60} INFO - Started process 210 to run task
[2026-01-28T18:23:02.043+0000] {standard_task_runner.py:87} INFO - Running: ['***', 'tasks', 'run', 'trade_processing_pipeline', 'process_staging_file', 'manual__2026-01-28T18:08:55.600614+00:00', '--job-id', '36', '--raw', '--subdir', 'DAGS_FOLDER/trade_etl_dag.py', '--cfg-path', '/tmp/tmpw8ho2djn']
[2026-01-28T18:23:02.044+0000] {standard_task_runner.py:88} INFO - Job 36: Subtask process_staging_file
[2026-01-28T18:23:02.134+0000] {task_command.py:423} INFO - Running <TaskInstance: trade_processing_pipeline.process_staging_file manual__2026-01-28T18:08:55.600614+00:00 [running]> on host e258d08a7e82
[2026-01-28T18:23:02.256+0000] {taskinstance.py:2480} INFO - Exporting env vars: AIRFLOW_CTX_DAG_EMAIL='puneet.jaiswal@gmail.com' AIRFLOW_CTX_DAG_OWNER='puneet' AIRFLOW_CTX_DAG_ID='trade_processing_pipeline' AIRFLOW_CTX_TASK_ID='process_staging_file' AIRFLOW_CTX_EXECUTION_DATE='2026-01-28T18:08:55.600614+00:00' AIRFLOW_CTX_TRY_NUMBER='5' AIRFLOW_CTX_DAG_RUN_ID='manual__2026-01-28T18:08:55.600614+00:00'
[2026-01-28T18:23:02.257+0000] {process_batch_file.py:58} INFO - Processing file to staging | batch_id=20260128T182037Z_60d9e6 | file=/opt/***/raw/data/batch_20260128T182037Z_60d9e6.json
[2026-01-28T18:23:06.219+0000] {process_batch_file.py:73} INFO - Staging done | batch_id=20260128T182037Z_60d9e6
[2026-01-28T18:23:06.221+0000] {python.py:201} INFO - Done. Returned value was: None
[2026-01-28T18:23:06.238+0000] {taskinstance.py:1138} INFO - Marking task as SUCCESS. dag_id=trade_processing_pipeline, task_id=process_staging_file, execution_date=20260128T180855, start_date=20260128T182302, end_date=20260128T182306
[2026-01-28T18:23:06.239+0000] {logging_mixin.py:188} INFO - Attempting to send SUCCESS email for task: process_staging_file
[2026-01-28T18:23:06.240+0000] {logging_mixin.py:188} INFO - Attempting to send email to: puneet.jaiswal@gmail.com
[2026-01-28T18:23:06.249+0000] {warnings.py:109} WARNING - /home/***/.local/lib/python3.10/site-packages/***/utils/email.py:154: RemovedInAirflow3Warning: Fetching SMTP credentials from configuration variables will be deprecated in a future release. Please set credentials using a connection instead.
  send_mime_email(e_from=mail_from, e_to=recipients, mime_msg=msg, conn_id=conn_id, dryrun=dryrun)

[2026-01-28T18:23:06.251+0000] {configuration.py:1046} WARNING - section/key [smtp/smtp_user] not found in config
[2026-01-28T18:23:06.251+0000] {email.py:270} INFO - Email alerting: attempt 1
[2026-01-28T18:23:06.254+0000] {logging_mixin.py:188} INFO - Failed to send email to puneet.jaiswal@gmail.com: [Errno 111] Connection refused
[2026-01-28T18:23:06.326+0000] {local_task_job_runner.py:234} INFO - Task exited with return code 0
[2026-01-28T18:23:06.358+0000] {taskinstance.py:3280} INFO - 0 downstream tasks scheduled from follow-on schedule check
