[2026-01-28T17:25:43.372+0000] {taskinstance.py:1956} INFO - Dependencies all met for dep_context=non-requeueable deps ti=<TaskInstance: trade_processing_pipeline.process_trade_file manual__2026-01-28T17:16:11.480578+00:00 [queued]>
[2026-01-28T17:25:43.389+0000] {taskinstance.py:1956} INFO - Dependencies all met for dep_context=requeueable deps ti=<TaskInstance: trade_processing_pipeline.process_trade_file manual__2026-01-28T17:16:11.480578+00:00 [queued]>
[2026-01-28T17:25:43.390+0000] {taskinstance.py:2170} INFO - Starting attempt 1 of 4
[2026-01-28T17:25:43.418+0000] {taskinstance.py:2191} INFO - Executing <Task(PythonOperator): process_trade_file> on 2026-01-28 17:16:11.480578+00:00
[2026-01-28T17:25:43.426+0000] {standard_task_runner.py:60} INFO - Started process 206 to run task
[2026-01-28T17:25:43.431+0000] {standard_task_runner.py:87} INFO - Running: ['***', 'tasks', 'run', 'trade_processing_pipeline', 'process_trade_file', 'manual__2026-01-28T17:16:11.480578+00:00', '--job-id', '34', '--raw', '--subdir', 'DAGS_FOLDER/trade_etl_dag.py', '--cfg-path', '/tmp/tmpofzeqq9v']
[2026-01-28T17:25:43.433+0000] {standard_task_runner.py:88} INFO - Job 34: Subtask process_trade_file
[2026-01-28T17:25:43.532+0000] {task_command.py:423} INFO - Running <TaskInstance: trade_processing_pipeline.process_trade_file manual__2026-01-28T17:16:11.480578+00:00 [running]> on host 0e87e2975bbb
[2026-01-28T17:25:43.689+0000] {taskinstance.py:2480} INFO - Exporting env vars: AIRFLOW_CTX_DAG_EMAIL='puneet.jaiswal@gmail.com' AIRFLOW_CTX_DAG_OWNER='puneet' AIRFLOW_CTX_DAG_ID='trade_processing_pipeline' AIRFLOW_CTX_TASK_ID='process_trade_file' AIRFLOW_CTX_EXECUTION_DATE='2026-01-28T17:16:11.480578+00:00' AIRFLOW_CTX_TRY_NUMBER='1' AIRFLOW_CTX_DAG_RUN_ID='manual__2026-01-28T17:16:11.480578+00:00'
[2026-01-28T17:25:43.697+0000] {taskinstance.py:2698} ERROR - Task failed with exception
Traceback (most recent call last):
  File "/home/airflow/.local/lib/python3.10/site-packages/airflow/models/taskinstance.py", line 433, in _execute_task
    result = execute_callable(context=context, **execute_callable_kwargs)
  File "/home/airflow/.local/lib/python3.10/site-packages/airflow/operators/python.py", line 199, in execute
    return_value = self.execute_callable()
  File "/home/airflow/.local/lib/python3.10/site-packages/airflow/operators/python.py", line 216, in execute_callable
    return self.python_callable(*self.op_args, **self.op_kwargs)
TypeError: process_trade_file() missing 1 required positional argument: 'file_path'
[2026-01-28T17:25:43.711+0000] {taskinstance.py:1138} INFO - Marking task as UP_FOR_RETRY. dag_id=trade_processing_pipeline, task_id=process_trade_file, execution_date=20260128T171611, start_date=20260128T172543, end_date=20260128T172543
[2026-01-28T17:25:43.730+0000] {standard_task_runner.py:107} ERROR - Failed to execute job 34 for task process_trade_file (process_trade_file() missing 1 required positional argument: 'file_path'; 206)
[2026-01-28T17:25:43.767+0000] {local_task_job_runner.py:234} INFO - Task exited with return code 1
[2026-01-28T17:25:43.786+0000] {taskinstance.py:3280} INFO - 0 downstream tasks scheduled from follow-on schedule check
