[2026-01-28T17:38:33.299+0000] {taskinstance.py:1956} INFO - Dependencies all met for dep_context=non-requeueable deps ti=<TaskInstance: trade_processing_pipeline.run_kafka_consumer_batch manual__2026-01-28T17:38:27.698991+00:00 [queued]>
[2026-01-28T17:38:33.312+0000] {taskinstance.py:1956} INFO - Dependencies all met for dep_context=requeueable deps ti=<TaskInstance: trade_processing_pipeline.run_kafka_consumer_batch manual__2026-01-28T17:38:27.698991+00:00 [queued]>
[2026-01-28T17:38:33.313+0000] {taskinstance.py:2170} INFO - Starting attempt 1 of 4
[2026-01-28T17:38:33.334+0000] {taskinstance.py:2191} INFO - Executing <Task(PythonOperator): run_kafka_consumer_batch> on 2026-01-28 17:38:27.698991+00:00
[2026-01-28T17:38:33.345+0000] {standard_task_runner.py:60} INFO - Started process 92 to run task
[2026-01-28T17:38:33.349+0000] {standard_task_runner.py:87} INFO - Running: ['***', 'tasks', 'run', 'trade_processing_pipeline', 'run_kafka_consumer_batch', 'manual__2026-01-28T17:38:27.698991+00:00', '--job-id', '12', '--raw', '--subdir', 'DAGS_FOLDER/trade_etl_dag.py', '--cfg-path', '/tmp/tmpak3yyfup']
[2026-01-28T17:38:33.354+0000] {standard_task_runner.py:88} INFO - Job 12: Subtask run_kafka_consumer_batch
[2026-01-28T17:38:33.454+0000] {task_command.py:423} INFO - Running <TaskInstance: trade_processing_pipeline.run_kafka_consumer_batch manual__2026-01-28T17:38:27.698991+00:00 [running]> on host e258d08a7e82
[2026-01-28T17:38:33.563+0000] {taskinstance.py:2480} INFO - Exporting env vars: AIRFLOW_CTX_DAG_EMAIL='puneet.jaiswal@gmail.com' AIRFLOW_CTX_DAG_OWNER='puneet' AIRFLOW_CTX_DAG_ID='trade_processing_pipeline' AIRFLOW_CTX_TASK_ID='run_kafka_consumer_batch' AIRFLOW_CTX_EXECUTION_DATE='2026-01-28T17:38:27.698991+00:00' AIRFLOW_CTX_TRY_NUMBER='1' AIRFLOW_CTX_DAG_RUN_ID='manual__2026-01-28T17:38:27.698991+00:00'
[2026-01-28T17:38:33.572+0000] {conn.py:400} INFO - <BrokerConnection client_id=kafka-python-2.3.0, node_id=bootstrap-0 host=kafka:9092 <connecting> [IPv4 ('172.19.0.6', 9092)]>: connecting to kafka:9092 [('172.19.0.6', 9092) IPv4]
[2026-01-28T17:38:33.578+0000] {conn.py:622} INFO - <BrokerConnection client_id=kafka-python-2.3.0, node_id=bootstrap-0 host=kafka:9092 <checking_api_versions_recv> [IPv4 ('172.19.0.6', 9092)]>: Broker version identified as 2.6
[2026-01-28T17:38:33.579+0000] {conn.py:461} INFO - <BrokerConnection client_id=kafka-python-2.3.0, node_id=bootstrap-0 host=kafka:9092 <connected> [IPv4 ('172.19.0.6', 9092)]>: Connection complete.
[2026-01-28T17:38:33.582+0000] {subscription_state.py:181} INFO - Updating subscribed topics to: ('trade-events',)
[2026-01-28T17:38:33.583+0000] {kafka_consumer_batch.py:49} INFO - Kafka consumer started for topic: trade-events
[2026-01-28T17:38:33.588+0000] {conn.py:400} INFO - <BrokerConnection client_id=kafka-python-2.3.0, node_id=1 host=kafka:9092 <connecting> [IPv4 ('172.19.0.6', 9092)]>: connecting to kafka:9092 [('172.19.0.6', 9092) IPv4]
[2026-01-28T17:38:33.589+0000] {conn.py:461} INFO - <BrokerConnection client_id=kafka-python-2.3.0, node_id=1 host=kafka:9092 <connected> [IPv4 ('172.19.0.6', 9092)]>: Connection complete.
[2026-01-28T17:38:33.590+0000] {conn.py:951} INFO - <BrokerConnection client_id=kafka-python-2.3.0, node_id=bootstrap-0 host=kafka:9092 <connected> [IPv4 ('172.19.0.6', 9092)]>: Closing connection. 
[2026-01-28T17:38:33.697+0000] {cluster.py:403} INFO - Coordinator for group/trade-file-consumer is ('coordinator-1', 'kafka', 9092, None)
[2026-01-28T17:38:33.699+0000] {base.py:835} INFO - Discovered coordinator coordinator-1 for group trade-file-consumer
[2026-01-28T17:38:33.700+0000] {base.py:895} INFO - Starting new heartbeat thread
[2026-01-28T17:38:33.703+0000] {consumer.py:379} INFO - Revoking previously assigned partitions () for group trade-file-consumer
[2026-01-28T17:38:33.704+0000] {base.py:433} INFO - Failed to join group trade-file-consumer: NodeNotReadyError: coordinator-1
[2026-01-28T17:38:33.706+0000] {conn.py:400} INFO - <BrokerConnection client_id=kafka-python-2.3.0, node_id=coordinator-1 host=kafka:9092 <connecting> [IPv4 ('172.19.0.6', 9092)]>: connecting to kafka:9092 [('172.19.0.6', 9092) IPv4]
[2026-01-28T17:38:33.707+0000] {conn.py:461} INFO - <BrokerConnection client_id=kafka-python-2.3.0, node_id=coordinator-1 host=kafka:9092 <connected> [IPv4 ('172.19.0.6', 9092)]>: Connection complete.
[2026-01-28T17:38:33.809+0000] {base.py:546} INFO - (Re-)joining group trade-file-consumer
[2026-01-28T17:38:33.819+0000] {base.py:661} INFO - Received member id kafka-python-2.3.0-a5be70a8-6ecf-4381-9198-ad4409388315 for group trade-file-consumer; will retry join-group
[2026-01-28T17:38:33.821+0000] {base.py:433} INFO - Failed to join group trade-file-consumer: [Error 79] MemberIdRequiredError
[2026-01-28T17:38:33.821+0000] {base.py:546} INFO - (Re-)joining group trade-file-consumer
[2026-01-28T17:38:39.589+0000] {base.py:617} INFO - Successfully joined group trade-file-consumer <Generation 7 (member_id: kafka-python-2.3.0-a5be70a8-6ecf-4381-9198-ad4409388315, protocol: range)>
[2026-01-28T17:38:39.591+0000] {base.py:619} INFO - Elected group leader -- performing partition assignments using range
[2026-01-28T17:38:39.605+0000] {subscription_state.py:254} INFO - Updated partition assignment: [('trade-events', 0)]
[2026-01-28T17:38:39.606+0000] {consumer.py:260} INFO - Setting newly assigned partitions (('trade-events', 0),) for group trade-file-consumer
[2026-01-28T17:38:39.613+0000] {fetcher.py:418} INFO - Resetting offset for partition ('trade-events', 0) to offset 0.
[2026-01-28T17:44:06.246+0000] {local_task_job_runner.py:302} WARNING - State of this instance has been externally set to queued. Terminating instance.
[2026-01-28T17:44:06.290+0000] {process_utils.py:131} INFO - Sending 15 to group 92. PIDs of all processes in the group: [92]
[2026-01-28T17:44:06.294+0000] {process_utils.py:86} INFO - Sending the signal 15 to group 92
[2026-01-28T17:44:06.298+0000] {taskinstance.py:2450} ERROR - Received SIGTERM. Terminating subprocesses.
[2026-01-28T17:44:06.416+0000] {taskinstance.py:2698} ERROR - Task failed with exception
Traceback (most recent call last):
  File "/home/airflow/.local/lib/python3.10/site-packages/airflow/models/taskinstance.py", line 433, in _execute_task
    result = execute_callable(context=context, **execute_callable_kwargs)
  File "/home/airflow/.local/lib/python3.10/site-packages/airflow/operators/python.py", line 199, in execute
    return_value = self.execute_callable()
  File "/home/airflow/.local/lib/python3.10/site-packages/airflow/operators/python.py", line 216, in execute_callable
    return self.python_callable(*self.op_args, **self.op_kwargs)
  File "/opt/airflow/scripts/kafka_consumer_batch.py", line 54, in consume_kafka_to_file
    for msg in consumer:
  File "/home/airflow/.local/lib/python3.10/site-packages/kafka/consumer/group.py", line 1213, in __next__
    return next(self._iterator)
  File "/home/airflow/.local/lib/python3.10/site-packages/kafka/consumer/group.py", line 1185, in _message_generator_v2
    record_map = self.poll(timeout_ms=timeout_ms, update_offsets=False)
  File "/home/airflow/.local/lib/python3.10/site-packages/kafka/consumer/group.py", line 708, in poll
    records = self._poll_once(timer, max_records, update_offsets=update_offsets)
  File "/home/airflow/.local/lib/python3.10/site-packages/kafka/consumer/group.py", line 757, in _poll_once
    self._client.poll(timeout_ms=poll_timeout_ms)
  File "/home/airflow/.local/lib/python3.10/site-packages/kafka/client_async.py", line 685, in poll
    self._poll(timeout / 1000)
  File "/home/airflow/.local/lib/python3.10/site-packages/kafka/client_async.py", line 728, in _poll
    ready = self._selector.select(timeout)
  File "/usr/local/lib/python3.10/selectors.py", line 469, in select
    fd_event_list = self._selector.poll(timeout, max_ev)
  File "/home/airflow/.local/lib/python3.10/site-packages/airflow/models/taskinstance.py", line 2452, in signal_handler
    raise AirflowException("Task received SIGTERM signal")
airflow.exceptions.AirflowException: Task received SIGTERM signal
[2026-01-28T17:44:06.469+0000] {taskinstance.py:1138} INFO - Marking task as UP_FOR_RETRY. dag_id=trade_processing_pipeline, task_id=run_kafka_consumer_batch, execution_date=20260128T173827, start_date=20260128T173833, end_date=20260128T174406
[2026-01-28T17:44:06.545+0000] {standard_task_runner.py:107} ERROR - Failed to execute job 12 for task run_kafka_consumer_batch (Task received SIGTERM signal; 92)
[2026-01-28T17:44:06.687+0000] {process_utils.py:79} INFO - Process psutil.Process(pid=92, status='terminated', exitcode=1, started='17:38:32') (92) terminated with exit code 1
