[2026-01-26T09:07:11.447+0000] {taskinstance.py:1956} INFO - Dependencies all met for dep_context=non-requeueable deps ti=<TaskInstance: hello_airflow.say_hello scheduled__2026-01-25T00:00:00+00:00 [queued]>
[2026-01-26T09:07:12.304+0000] {taskinstance.py:1956} INFO - Dependencies all met for dep_context=requeueable deps ti=<TaskInstance: hello_airflow.say_hello scheduled__2026-01-25T00:00:00+00:00 [queued]>
[2026-01-26T09:07:12.619+0000] {taskinstance.py:2170} INFO - Starting attempt 1 of 1
[2026-01-26T09:07:14.032+0000] {taskinstance.py:2191} INFO - Executing <Task(BashOperator): say_hello> on 2026-01-25 00:00:00+00:00
[2026-01-26T09:07:14.224+0000] {standard_task_runner.py:60} INFO - Started process 52 to run task
[2026-01-26T09:07:14.872+0000] {standard_task_runner.py:87} INFO - Running: ['***', 'tasks', 'run', 'hello_***', 'say_hello', 'scheduled__2026-01-25T00:00:00+00:00', '--job-id', '3', '--raw', '--subdir', 'DAGS_FOLDER/test_dag.py', '--cfg-path', '/tmp/tmpeisv1e1q']
[2026-01-26T09:07:14.883+0000] {standard_task_runner.py:88} INFO - Job 3: Subtask say_hello
[2026-01-26T09:07:16.579+0000] {task_command.py:423} INFO - Running <TaskInstance: hello_airflow.say_hello scheduled__2026-01-25T00:00:00+00:00 [running]> on host f35c32e5e8d4
[2026-01-26T09:07:17.141+0000] {taskinstance.py:2480} INFO - Exporting env vars: AIRFLOW_CTX_DAG_OWNER='***' AIRFLOW_CTX_DAG_ID='hello_***' AIRFLOW_CTX_TASK_ID='say_hello' AIRFLOW_CTX_EXECUTION_DATE='2026-01-25T00:00:00+00:00' AIRFLOW_CTX_TRY_NUMBER='1' AIRFLOW_CTX_DAG_RUN_ID='scheduled__2026-01-25T00:00:00+00:00'
[2026-01-26T09:07:17.168+0000] {subprocess.py:63} INFO - Tmp dir root location: /tmp
[2026-01-26T09:07:17.179+0000] {subprocess.py:75} INFO - Running command: ['/usr/bin/bash', '-c', 'echo Hello Airflow!']
[2026-01-26T09:07:17.256+0000] {subprocess.py:86} INFO - Output:
[2026-01-26T09:07:17.361+0000] {subprocess.py:93} INFO - Hello Airflow!
[2026-01-26T09:07:17.374+0000] {subprocess.py:97} INFO - Command exited with return code 0
[2026-01-26T09:07:17.361+0000] {taskinstance.py:1946} INFO - Dependencies not met for <TaskInstance: hello_airflow.say_hello scheduled__2026-01-25T00:00:00+00:00 [running]>, dependency 'Task Instance Not Running' FAILED: Task is in the running state
[2026-01-26T09:07:17.429+0000] {taskinstance.py:1946} INFO - Dependencies not met for <TaskInstance: hello_airflow.say_hello scheduled__2026-01-25T00:00:00+00:00 [running]>, dependency 'Task Instance State' FAILED: Task is in the 'running' state.
[2026-01-26T09:07:17.442+0000] {local_task_job_runner.py:160} INFO - Task is not able to be run
[2026-01-26T09:07:17.698+0000] {taskinstance.py:1138} INFO - Marking task as SUCCESS. dag_id=hello_***, task_id=say_hello, execution_date=20260125T000000, start_date=20260126T090711, end_date=20260126T090717
[2026-01-26T09:07:17.850+0000] {local_task_job_runner.py:234} INFO - Task exited with return code 0
[2026-01-26T09:07:17.950+0000] {taskinstance.py:3280} INFO - 0 downstream tasks scheduled from follow-on schedule check
