[2026-01-28T18:30:14.214+0000] {taskinstance.py:1956} INFO - Dependencies all met for dep_context=non-requeueable deps ti=<TaskInstance: trade_processing_pipeline.insert_to_final_table manual__2026-01-28T18:08:55.600614+00:00 [queued]>
[2026-01-28T18:30:14.230+0000] {taskinstance.py:1956} INFO - Dependencies all met for dep_context=requeueable deps ti=<TaskInstance: trade_processing_pipeline.insert_to_final_table manual__2026-01-28T18:08:55.600614+00:00 [queued]>
[2026-01-28T18:30:14.231+0000] {taskinstance.py:2170} INFO - Starting attempt 9 of 12
[2026-01-28T18:30:14.263+0000] {taskinstance.py:2191} INFO - Executing <Task(PythonOperator): insert_to_final_table> on 2026-01-28 18:08:55.600614+00:00
[2026-01-28T18:30:14.286+0000] {standard_task_runner.py:60} INFO - Started process 219 to run task
[2026-01-28T18:30:14.309+0000] {standard_task_runner.py:87} INFO - Running: ['***', 'tasks', 'run', 'trade_processing_pipeline', 'insert_to_final_table', 'manual__2026-01-28T18:08:55.600614+00:00', '--job-id', '37', '--raw', '--subdir', 'DAGS_FOLDER/trade_etl_dag.py', '--cfg-path', '/tmp/tmphawx1lal']
[2026-01-28T18:30:14.318+0000] {standard_task_runner.py:88} INFO - Job 37: Subtask insert_to_final_table
[2026-01-28T18:30:14.709+0000] {task_command.py:423} INFO - Running <TaskInstance: trade_processing_pipeline.insert_to_final_table manual__2026-01-28T18:08:55.600614+00:00 [running]> on host e258d08a7e82
[2026-01-28T18:30:14.923+0000] {taskinstance.py:2480} INFO - Exporting env vars: AIRFLOW_CTX_DAG_EMAIL='puneet.jaiswal@gmail.com' AIRFLOW_CTX_DAG_OWNER='puneet' AIRFLOW_CTX_DAG_ID='trade_processing_pipeline' AIRFLOW_CTX_TASK_ID='insert_to_final_table' AIRFLOW_CTX_EXECUTION_DATE='2026-01-28T18:08:55.600614+00:00' AIRFLOW_CTX_TRY_NUMBER='9' AIRFLOW_CTX_DAG_RUN_ID='manual__2026-01-28T18:08:55.600614+00:00'
[2026-01-28T18:30:14.934+0000] {load_delta.py:13} INFO - Merging staging to final | batch_id=20260128T182037Z_60d9e6
[2026-01-28T18:30:15.020+0000] {taskinstance.py:2698} ERROR - Task failed with exception
Traceback (most recent call last):
  File "/home/airflow/.local/lib/python3.10/site-packages/airflow/models/taskinstance.py", line 433, in _execute_task
    result = execute_callable(context=context, **execute_callable_kwargs)
  File "/home/airflow/.local/lib/python3.10/site-packages/airflow/operators/python.py", line 199, in execute
    return_value = self.execute_callable()
  File "/home/airflow/.local/lib/python3.10/site-packages/airflow/operators/python.py", line 216, in execute_callable
    return self.python_callable(*self.op_args, **self.op_kwargs)
  File "/opt/airflow/scripts/load_delta.py", line 15, in merge_staging_to_final
    con = get_connection()
  File "/opt/airflow/scripts/schema.py", line 5, in get_connection
    return duckdb.connect(db_path)
_duckdb.IOException: IO Error: Could not set lock on file "/opt/***/duckdb/trades.db": Conflicting lock is held in PID 0. See also https://duckdb.org/docs/stable/connect/concurrency
[2026-01-28T18:30:15.071+0000] {taskinstance.py:1138} INFO - Marking task as UP_FOR_RETRY. dag_id=trade_processing_pipeline, task_id=insert_to_final_table, execution_date=20260128T180855, start_date=20260128T183014, end_date=20260128T183015
[2026-01-28T18:30:15.093+0000] {standard_task_runner.py:107} ERROR - Failed to execute job 37 for task insert_to_final_table (IO Error: Could not set lock on file "/opt/***/duckdb/trades.db": Conflicting lock is held in PID 0. See also https://duckdb.org/docs/stable/connect/concurrency; 219)
[2026-01-28T18:30:15.129+0000] {local_task_job_runner.py:234} INFO - Task exited with return code 1
[2026-01-28T18:30:15.161+0000] {taskinstance.py:3280} INFO - 0 downstream tasks scheduled from follow-on schedule check
