[2026-01-28T18:20:52.207+0000] {taskinstance.py:1956} INFO - Dependencies all met for dep_context=non-requeueable deps ti=<TaskInstance: trade_processing_pipeline.insert_to_final_table manual__2026-01-28T18:08:55.600614+00:00 [queued]>
[2026-01-28T18:20:52.217+0000] {taskinstance.py:1956} INFO - Dependencies all met for dep_context=requeueable deps ti=<TaskInstance: trade_processing_pipeline.insert_to_final_table manual__2026-01-28T18:08:55.600614+00:00 [queued]>
[2026-01-28T18:20:52.218+0000] {taskinstance.py:2170} INFO - Starting attempt 6 of 8
[2026-01-28T18:20:52.233+0000] {taskinstance.py:2191} INFO - Executing <Task(PythonOperator): insert_to_final_table> on 2026-01-28 18:08:55.600614+00:00
[2026-01-28T18:20:52.240+0000] {standard_task_runner.py:60} INFO - Started process 195 to run task
[2026-01-28T18:20:52.244+0000] {standard_task_runner.py:87} INFO - Running: ['***', 'tasks', 'run', 'trade_processing_pipeline', 'insert_to_final_table', 'manual__2026-01-28T18:08:55.600614+00:00', '--job-id', '33', '--raw', '--subdir', 'DAGS_FOLDER/trade_etl_dag.py', '--cfg-path', '/tmp/tmpmo1ur5ts']
[2026-01-28T18:20:52.246+0000] {standard_task_runner.py:88} INFO - Job 33: Subtask insert_to_final_table
[2026-01-28T18:20:52.313+0000] {task_command.py:423} INFO - Running <TaskInstance: trade_processing_pipeline.insert_to_final_table manual__2026-01-28T18:08:55.600614+00:00 [running]> on host e258d08a7e82
[2026-01-28T18:20:52.394+0000] {taskinstance.py:2480} INFO - Exporting env vars: AIRFLOW_CTX_DAG_EMAIL='puneet.jaiswal@gmail.com' AIRFLOW_CTX_DAG_OWNER='puneet' AIRFLOW_CTX_DAG_ID='trade_processing_pipeline' AIRFLOW_CTX_TASK_ID='insert_to_final_table' AIRFLOW_CTX_EXECUTION_DATE='2026-01-28T18:08:55.600614+00:00' AIRFLOW_CTX_TRY_NUMBER='6' AIRFLOW_CTX_DAG_RUN_ID='manual__2026-01-28T18:08:55.600614+00:00'
[2026-01-28T18:20:52.396+0000] {taskinstance.py:2698} ERROR - Task failed with exception
Traceback (most recent call last):
  File "/home/airflow/.local/lib/python3.10/site-packages/airflow/models/taskinstance.py", line 433, in _execute_task
    result = execute_callable(context=context, **execute_callable_kwargs)
  File "/home/airflow/.local/lib/python3.10/site-packages/airflow/operators/python.py", line 199, in execute
    return_value = self.execute_callable()
  File "/home/airflow/.local/lib/python3.10/site-packages/airflow/operators/python.py", line 216, in execute_callable
    return self.python_callable(*self.op_args, **self.op_kwargs)
TypeError: merge_staging_to_final() missing 1 required positional argument: 'batch_id'
[2026-01-28T18:20:52.405+0000] {taskinstance.py:1138} INFO - Marking task as UP_FOR_RETRY. dag_id=trade_processing_pipeline, task_id=insert_to_final_table, execution_date=20260128T180855, start_date=20260128T182052, end_date=20260128T182052
[2026-01-28T18:20:52.420+0000] {standard_task_runner.py:107} ERROR - Failed to execute job 33 for task insert_to_final_table (merge_staging_to_final() missing 1 required positional argument: 'batch_id'; 195)
[2026-01-28T18:20:52.457+0000] {local_task_job_runner.py:234} INFO - Task exited with return code 1
[2026-01-28T18:20:52.474+0000] {taskinstance.py:3280} INFO - 0 downstream tasks scheduled from follow-on schedule check
