[2026-01-28T18:30:41.854+0000] {taskinstance.py:1956} INFO - Dependencies all met for dep_context=non-requeueable deps ti=<TaskInstance: trade_processing_pipeline.insert_to_final_table manual__2026-01-28T18:08:55.600614+00:00 [queued]>
[2026-01-28T18:30:41.874+0000] {taskinstance.py:1956} INFO - Dependencies all met for dep_context=requeueable deps ti=<TaskInstance: trade_processing_pipeline.insert_to_final_table manual__2026-01-28T18:08:55.600614+00:00 [queued]>
[2026-01-28T18:30:41.875+0000] {taskinstance.py:2170} INFO - Starting attempt 11 of 12
[2026-01-28T18:30:41.903+0000] {taskinstance.py:2191} INFO - Executing <Task(PythonOperator): insert_to_final_table> on 2026-01-28 18:08:55.600614+00:00
[2026-01-28T18:30:41.919+0000] {standard_task_runner.py:60} INFO - Started process 229 to run task
[2026-01-28T18:30:41.965+0000] {standard_task_runner.py:87} INFO - Running: ['***', 'tasks', 'run', 'trade_processing_pipeline', 'insert_to_final_table', 'manual__2026-01-28T18:08:55.600614+00:00', '--job-id', '39', '--raw', '--subdir', 'DAGS_FOLDER/trade_etl_dag.py', '--cfg-path', '/tmp/tmpnx7xwptk']
[2026-01-28T18:30:41.979+0000] {standard_task_runner.py:88} INFO - Job 39: Subtask insert_to_final_table
[2026-01-28T18:30:42.522+0000] {task_command.py:423} INFO - Running <TaskInstance: trade_processing_pipeline.insert_to_final_table manual__2026-01-28T18:08:55.600614+00:00 [running]> on host e258d08a7e82
[2026-01-28T18:30:43.077+0000] {taskinstance.py:2480} INFO - Exporting env vars: AIRFLOW_CTX_DAG_EMAIL='puneet.jaiswal@gmail.com' AIRFLOW_CTX_DAG_OWNER='puneet' AIRFLOW_CTX_DAG_ID='trade_processing_pipeline' AIRFLOW_CTX_TASK_ID='insert_to_final_table' AIRFLOW_CTX_EXECUTION_DATE='2026-01-28T18:08:55.600614+00:00' AIRFLOW_CTX_TRY_NUMBER='11' AIRFLOW_CTX_DAG_RUN_ID='manual__2026-01-28T18:08:55.600614+00:00'
[2026-01-28T18:30:43.080+0000] {load_delta.py:13} INFO - Merging staging to final | batch_id=20260128T182037Z_60d9e6
[2026-01-28T18:30:52.137+0000] {load_delta.py:67} INFO - Merge complete | batch_id=20260128T182037Z_60d9e6
[2026-01-28T18:30:52.145+0000] {python.py:201} INFO - Done. Returned value was: None
[2026-01-28T18:30:52.174+0000] {taskinstance.py:1138} INFO - Marking task as SUCCESS. dag_id=trade_processing_pipeline, task_id=insert_to_final_table, execution_date=20260128T180855, start_date=20260128T183041, end_date=20260128T183052
[2026-01-28T18:30:52.176+0000] {logging_mixin.py:188} INFO - Attempting to send SUCCESS email for task: insert_to_final_table
[2026-01-28T18:30:52.177+0000] {logging_mixin.py:188} INFO - Attempting to send email to: puneet.jaiswal@gmail.com
[2026-01-28T18:30:52.193+0000] {warnings.py:109} WARNING - /home/***/.local/lib/python3.10/site-packages/***/utils/email.py:154: RemovedInAirflow3Warning: Fetching SMTP credentials from configuration variables will be deprecated in a future release. Please set credentials using a connection instead.
  send_mime_email(e_from=mail_from, e_to=recipients, mime_msg=msg, conn_id=conn_id, dryrun=dryrun)

[2026-01-28T18:30:52.198+0000] {configuration.py:1046} WARNING - section/key [smtp/smtp_user] not found in config
[2026-01-28T18:30:52.199+0000] {email.py:270} INFO - Email alerting: attempt 1
[2026-01-28T18:30:52.203+0000] {logging_mixin.py:188} INFO - Failed to send email to puneet.jaiswal@gmail.com: [Errno 111] Connection refused
[2026-01-28T18:30:52.309+0000] {local_task_job_runner.py:234} INFO - Task exited with return code 0
[2026-01-28T18:30:52.378+0000] {taskinstance.py:3280} INFO - 0 downstream tasks scheduled from follow-on schedule check
